<?xml version="1.0" encoding="UTF-8"?>
<!-- Generated by org.testng.reporters.JUnitReportReporter -->
<testsuite hostname="LAPTOP-O1IA0A5B" failures="0" tests="1" name="com.qa.tn.testCases.HomepageTest" time="4.988" errors="0" timestamp="2023-12-19T19:56:20 EST" skipped="0">
  <testcase classname="com.qa.tn.testCases.HomepageTest" name="verifyHomePageCamerasLink" time="4.988"/>
</testsuite> <!-- com.qa.tn.testCases.HomepageTest -->
