<?xml version="1.0" encoding="UTF-8"?>
<!-- Generated by org.testng.reporters.JUnitReportReporter -->
<testsuite hostname="LAPTOP-O1IA0A5B" failures="0" tests="5" name="com.qa.tn.testCases.RegisterTest" time="32.257" errors="0" timestamp="2023-12-19T19:56:20 EST" skipped="0">
  <testcase classname="com.qa.tn.testCases.RegisterTest" name="verifyRegisterWithMandatoryFields" time="6.583"/>
  <testcase classname="com.qa.tn.testCases.RegisterTest" name="verifyRegisterWithAllFields" time="7.976"/>
  <testcase classname="com.qa.tn.testCases.RegisterTest" name="verifyRegisterWithNoFields" time="5.503"/>
  <testcase classname="com.qa.tn.testCases.RegisterTest" name="verifyRegisterWithExistingEmail" time="6.039"/>
  <testcase classname="com.qa.tn.testCases.RegisterTest" name="verifyRegisterWithPasswordMismatch" time="6.156"/>
</testsuite> <!-- com.qa.tn.testCases.RegisterTest -->
