<?xml version="1.0" encoding="UTF-8"?>
<!-- Generated by org.testng.reporters.JUnitReportReporter -->
<testsuite hostname="LAPTOP-O1IA0A5B" failures="0" tests="1" name="com.qa.tn.testCases.CheckoutTest" time="22.996" errors="0" timestamp="2023-12-19T20:35:42 EST" skipped="0">
  <testcase classname="com.qa.tn.testCases.CheckoutTest" name="verifyAddValidProductToCart" time="22.996"/>
</testsuite> <!-- com.qa.tn.testCases.CheckoutTest -->
