<?xml version="1.0" encoding="UTF-8"?>
<!-- Generated by org.testng.reporters.JUnitReportReporter -->
<testsuite hostname="LAPTOP-O1IA0A5B" failures="0" tests="1" name="com.tn.qa.testCases1.HomepageTest" time="5.447" errors="0" timestamp="2023-12-25T10:33:44 EST" skipped="0">
  <testcase classname="com.tn.qa.testCases1.HomepageTest" name="verifyHomePageCamerasLink" time="5.447"/>
</testsuite> <!-- com.tn.qa.testCases1.HomepageTest -->
