<?xml version="1.0" encoding="UTF-8"?>
<!-- Generated by org.testng.reporters.JUnitReportReporter -->
<testsuite hostname="LAPTOP-O1IA0A5B" failures="0" tests="5" name="com.tn.qa.testCases1.RegisterTest" time="37.538" errors="0" timestamp="2023-12-25T10:33:44 EST" skipped="0">
  <testcase classname="com.tn.qa.testCases1.RegisterTest" name="verifyRegisterWithMandatoryFields" time="8.093"/>
  <testcase classname="com.tn.qa.testCases1.RegisterTest" name="verifyRegisterWithAllFields" time="9.014"/>
  <testcase classname="com.tn.qa.testCases1.RegisterTest" name="verifyRegisterWithNoFields" time="6.410"/>
  <testcase classname="com.tn.qa.testCases1.RegisterTest" name="verifyRegisterWithExistingEmail" time="7.304"/>
  <testcase classname="com.tn.qa.testCases1.RegisterTest" name="verifyRegisterWithPasswordMismatch" time="6.717"/>
</testsuite> <!-- com.tn.qa.testCases1.RegisterTest -->
