<?xml version="1.0" encoding="UTF-8"?>
<!-- Generated by org.testng.reporters.JUnitReportReporter -->
<testsuite hostname="LAPTOP-O1IA0A5B" failures="0" tests="1" name="com.tn.qa.testCases1.CheckoutTest" time="27.420" errors="0" timestamp="2023-12-26T13:54:08 EST" skipped="0">
  <testcase classname="com.tn.qa.testCases1.CheckoutTest" name="verifyAddValidProductToCart" time="27.420"/>
</testsuite> <!-- com.tn.qa.testCases1.CheckoutTest -->
